<?xml version="1.0" encoding="UTF-8"?>
<!-- Generated by org.testng.reporters.JUnitXMLReporter -->
<testsuite ignored="0" hostname="PC_KANHAIYA" failures="0" tests="14" name="Accounts Page Test" time="50.686" errors="0" timestamp="03 Nov 2023 04:12:22 GMT">
  <testcase classname="com.qa.opencart.tests.AccountsPageTest" name="accPageHeadersCountTest" time="0.133"/>
  <testcase classname="com.qa.opencart.tests.AccountsPageTest" name="accPageHeadersValueTest" time="0.097"/>
  <testcase classname="com.qa.opencart.tests.AccountsPageTest" name="accPageTitleTest" time="0.011"/>
  <testcase classname="com.qa.opencart.tests.AccountsPageTest" name="accPageURLTest" time="0.025"/>
  <testcase classname="com.qa.opencart.tests.AccountsPageTest" name="isLogoutLinkExistTest" time="0.038"/>
  <testcase classname="com.qa.opencart.tests.AccountsPageTest" name="searchProductCountTest" time="3.548"/>
  <testcase classname="com.qa.opencart.tests.AccountsPageTest" name="searchProductCountTest" time="3.394"/>
  <testcase classname="com.qa.opencart.tests.AccountsPageTest" name="searchProductCountTest" time="3.529"/>
  <testcase classname="com.qa.opencart.tests.AccountsPageTest" name="searchProductCountTest" time="3.376"/>
  <testcase classname="com.qa.opencart.tests.AccountsPageTest" name="searchProductTest" time="6.898"/>
  <testcase classname="com.qa.opencart.tests.AccountsPageTest" name="searchProductTest" time="4.435"/>
  <testcase classname="com.qa.opencart.tests.AccountsPageTest" name="searchProductTest" time="4.77"/>
  <testcase classname="com.qa.opencart.tests.AccountsPageTest" name="searchProductTest" time="5.712"/>
  <testcase classname="com.qa.opencart.tests.AccountsPageTest" name="searchProductTest" time="4.378"/>
</testsuite> <!-- Accounts Page Test -->
