<?xml version="1.0" encoding="UTF-8"?>
<!-- Generated by org.testng.reporters.JUnitXMLReporter -->
<testsuite ignored="0" hostname="PC_KANHAIYA" failures="0" tests="5" name="ProductInfo Page Test" time="34.835" errors="0" timestamp="29 Oct 2023 01:49:05 GMT">
  <testcase classname="com.qa.opencart.tests.ProductPageInfoTest" name="addToCartTest" time="7.592"/>
  <testcase classname="com.qa.opencart.tests.ProductPageInfoTest" name="productImagesCountTest" time="3.415"/>
  <testcase classname="com.qa.opencart.tests.ProductPageInfoTest" name="productImagesCountTest" time="3.753"/>
  <testcase classname="com.qa.opencart.tests.ProductPageInfoTest" name="productImagesCountTest" time="3.652"/>
  <testcase classname="com.qa.opencart.tests.ProductPageInfoTest" name="productInfoTest" time="4.135"/>
</testsuite> <!-- ProductInfo Page Test -->
