<?xml version="1.0" encoding="UTF-8"?>
<!-- Generated by org.testng.reporters.JUnitXMLReporter -->
<testsuite ignored="0" hostname="PC_KANHAIYA" failures="0" tests="4" name="Default test" time="7.232" errors="0" timestamp="29 Oct 2023 01:31:50 GMT">
  <testcase classname="com.qa.opencart.tests.LoginPageTest" name="forgotPWDLinkExistTest" time="0.701"/>
  <testcase classname="com.qa.opencart.tests.LoginPageTest" name="loginPageTitleTest" time="0.035"/>
  <testcase classname="com.qa.opencart.tests.LoginPageTest" name="loginPageURLTest" time="0.022"/>
  <testcase classname="com.qa.opencart.tests.LoginPageTest" name="loginTest" time="3.506"/>
</testsuite> <!-- Default test -->
