<?xml version="1.0" encoding="UTF-8"?>
<testsuite xmlns:xsi="http://www.w3.org/2001/XMLSchema-instance" xsi:noNamespaceSchemaLocation="https://maven.apache.org/surefire/maven-surefire-plugin/xsd/surefire-test-report.xsd" name="TestSuite" time="5.596" tests="5" errors="0" skipped="3" failures="2">
  <properties>
[...]
</properties>
  <testcase name="setup" classname="com.qa.opencart.tests.LoginPageTest" time="3.653">
    <failure message="inStream parameter is null" type="java.lang.NullPointerException">java.lang.NullPointerException: inStream parameter is null
</failure>
    <system-out><![CDATA[...
... TestNG 6.14.3 by Cédric Beust (cedric@beust.com)
...

Test Suite started!
Test Suite started!
I am in onStart method Login Page Test
I am in onStart method Accounts Page Test
Running test cases on Env: NAVEEN
wrong env is passed.....No need to run the test cases...
Running test cases on Env: NAVEEN
wrong env is passed.....No need to run the test cases...
]]></system-out>
    <system-err><![CDATA[SLF4J: Failed to load class "org.slf4j.impl.StaticLoggerBinder".
SLF4J: Defaulting to no-operation (NOP) logger implementation
SLF4J: See http://www.slf4j.org/codes.html#StaticLoggerBinder for further details.
]]></system-err>
  </testcase>
  <testcase name="setup" classname="com.qa.opencart.tests.AccountsPageTest" time="3.655">
    <failure message="inStream parameter is null" type="java.lang.NullPointerException">java.lang.NullPointerException: inStream parameter is null
</failure>
  </testcase>
  <testcase name="accPageSetup" classname="com.qa.opencart.tests.AccountsPageTest" time="0">
    <skipped/>
  </testcase>
  <testcase name="tearDown" classname="com.qa.opencart.tests.AccountsPageTest" time="0">
    <skipped/>
    <system-out><![CDATA[loginPageTitleTest skipped!
accPageHeadersCountTest skipped!
accPageHeadersCountTest failed!
loginPageTitleTest failed!
]]></system-out>
  </testcase>
  <testcase name="tearDown" classname="com.qa.opencart.tests.LoginPageTest" time="0">
    <skipped/>
  </testcase>
</testsuite>